0 info it worked if it ends with ok
1 verbose cli [ '/usr/local/bin/node',
1 verbose cli   '/usr/local/bin/npm',
1 verbose cli   'install',
1 verbose cli   '-g',
1 verbose cli   'generator-openapi-repo' ]
2 info using npm@2.14.12
3 info using node@v4.3.2
4 verbose install initial load of /usr/local/lib/package.json
5 verbose readDependencies loading dependencies from /usr/local/lib/package.json
6 silly cache add args [ 'generator-openapi-repo', null ]
7 verbose cache add spec generator-openapi-repo
8 silly cache add parsed spec Result {
8 silly cache add   raw: 'generator-openapi-repo',
8 silly cache add   scope: null,
8 silly cache add   name: 'generator-openapi-repo',
8 silly cache add   rawSpec: '',
8 silly cache add   spec: 'latest',
8 silly cache add   type: 'tag' }
9 silly addNamed generator-openapi-repo@latest
10 verbose addNamed "latest" is being treated as a dist-tag for generator-openapi-repo
11 info addNameTag [ 'generator-openapi-repo', 'latest' ]
12 silly mapToRegistry name generator-openapi-repo
13 silly mapToRegistry using default registry
14 silly mapToRegistry registry https://registry.npmjs.org/
15 silly mapToRegistry uri https://registry.npmjs.org/generator-openapi-repo
16 verbose addNameTag registry:https://registry.npmjs.org/generator-openapi-repo not in flight; fetching
17 verbose request uri https://registry.npmjs.org/generator-openapi-repo
18 verbose request no auth needed
19 info attempt registry request try #1 at 7:05:48 PM
20 verbose request id 6bfa80bcc0445c6b
21 http request GET https://registry.npmjs.org/generator-openapi-repo
22 http 200 https://registry.npmjs.org/generator-openapi-repo
23 verbose headers { date: 'Sat, 21 Jul 2018 23:05:48 GMT',
23 verbose headers   'content-type': 'application/json; charset=UTF-8',
23 verbose headers   'transfer-encoding': 'chunked',
23 verbose headers   connection: 'keep-alive',
23 verbose headers   'set-cookie': [ '__cfduid=d1110e217aee31bf3ffb3562917ea838d1532214348; expires=Sun, 21-Jul-19 23:05:48 GMT; path=/; domain=.registry.npmjs.org; HttpOnly' ],
23 verbose headers   'cache-control': 'max-age=300',
23 verbose headers   'cf-cache-status': 'MISS',
23 verbose headers   'cf-ray': '43e1507dee0991f4-EWR',
23 verbose headers   etag: 'W/"4c1d07b309745e148d7ff78c367ab821"',
23 verbose headers   'expect-ct': 'max-age=604800, report-uri="https://report-uri.cloudflare.com/cdn-cgi/beacon/expect-ct"',
23 verbose headers   'last-modified': 'Sun, 27 May 2018 01:57:43 GMT',
23 verbose headers   vary: 'accept-encoding, accept',
23 verbose headers   server: 'cloudflare',
23 verbose headers   'content-encoding': 'gzip' }
24 silly get cb [ 200,
24 silly get   { date: 'Sat, 21 Jul 2018 23:05:48 GMT',
24 silly get     'content-type': 'application/json; charset=UTF-8',
24 silly get     'transfer-encoding': 'chunked',
24 silly get     connection: 'keep-alive',
24 silly get     'set-cookie': [ '__cfduid=d1110e217aee31bf3ffb3562917ea838d1532214348; expires=Sun, 21-Jul-19 23:05:48 GMT; path=/; domain=.registry.npmjs.org; HttpOnly' ],
24 silly get     'cache-control': 'max-age=300',
24 silly get     'cf-cache-status': 'MISS',
24 silly get     'cf-ray': '43e1507dee0991f4-EWR',
24 silly get     etag: 'W/"4c1d07b309745e148d7ff78c367ab821"',
24 silly get     'expect-ct': 'max-age=604800, report-uri="https://report-uri.cloudflare.com/cdn-cgi/beacon/expect-ct"',
24 silly get     'last-modified': 'Sun, 27 May 2018 01:57:43 GMT',
24 silly get     vary: 'accept-encoding, accept',
24 silly get     server: 'cloudflare',
24 silly get     'content-encoding': 'gzip' } ]
25 verbose get saving generator-openapi-repo to /Users/kinlane/.npm/registry.npmjs.org/generator-openapi-repo/.cache.json
26 silly addNameTag next cb for generator-openapi-repo with tag latest
27 silly addNamed generator-openapi-repo@1.0.1
28 verbose addNamed "1.0.1" is a plain semver version for generator-openapi-repo
29 silly mapToRegistry name generator-openapi-repo
30 silly mapToRegistry using default registry
31 silly mapToRegistry registry https://registry.npmjs.org/
32 silly mapToRegistry uri https://registry.npmjs.org/generator-openapi-repo
33 verbose addRemoteTarball https://registry.npmjs.org/generator-openapi-repo/-/generator-openapi-repo-1.0.1.tgz not in flight; adding
34 verbose addRemoteTarball [ 'https://registry.npmjs.org/generator-openapi-repo/-/generator-openapi-repo-1.0.1.tgz',
34 verbose addRemoteTarball   'cfe53d9598161e985417c9f08a97cb6adab6c2bd' ]
35 info retry fetch attempt 1 at 7:05:48 PM
36 info attempt registry request try #1 at 7:05:48 PM
37 http fetch GET https://registry.npmjs.org/generator-openapi-repo/-/generator-openapi-repo-1.0.1.tgz
38 http fetch 200 https://registry.npmjs.org/generator-openapi-repo/-/generator-openapi-repo-1.0.1.tgz
39 silly fetchAndShaCheck shasum cfe53d9598161e985417c9f08a97cb6adab6c2bd
40 verbose addTmpTarball /var/folders/p6/rk81t5j903zg8cwn7g8hy7gw0000gn/T/npm-28672-c13b2311/registry.npmjs.org/generator-openapi-repo/-/generator-openapi-repo-1.0.1.tgz not in flight; adding
41 verbose addTmpTarball already have metadata; skipping unpack for generator-openapi-repo@1.0.1
42 silly cache afterAdd generator-openapi-repo@1.0.1
43 verbose afterAdd /Users/kinlane/.npm/generator-openapi-repo/1.0.1/package/package.json not in flight; writing
44 verbose afterAdd /Users/kinlane/.npm/generator-openapi-repo/1.0.1/package/package.json written
45 silly install resolved [ { name: 'generator-openapi-repo',
45 silly install resolved     version: '1.0.1',
45 silly install resolved     description: 'Yeoman generator for OpenAPI(fka Swagger) repo to help you share spec for your API',
45 silly install resolved     author: { name: 'Roman Hotsiy', email: 'gotsijroman@gmail.com' },
45 silly install resolved     files: [ 'generators' ],
45 silly install resolved     main: 'generators/index.js',
45 silly install resolved     keywords: [ 'Swagger', 'OpenAPI', 'ReDoc', 'SwaggerUI', 'yeoman-generator' ],
45 silly install resolved     dependencies:
45 silly install resolved      { chalk: '^2.3.1',
45 silly install resolved        'git-url-parse': '^8.1.0',
45 silly install resolved        lodash: '^4.17.5',
45 silly install resolved        'node-yaml': '^3.1.1',
45 silly install resolved        'openapi-template': '0.0.1',
45 silly install resolved        'resolve-git-remote': '^0.2.0',
45 silly install resolved        slugify: '^1.2.9',
45 silly install resolved        'swagger-repo': '^1.5.0',
45 silly install resolved        'update-notifier': '^2.3.0',
45 silly install resolved        'yeoman-generator': '^0.24.1',
45 silly install resolved        yosay: '^2.0.1' },
45 silly install resolved     devDependencies:
45 silly install resolved      { eslint: '^4.18.1',
45 silly install resolved        'eslint-config-xo-space': '^0.18.0',
45 silly install resolved        gulp: '^3.9.0',
45 silly install resolved        'gulp-eslint': '^4.0.2',
45 silly install resolved        'gulp-exclude-gitignore': '^1.2.0',
45 silly install resolved        'gulp-istanbul': '^1.1.3',
45 silly install resolved        'gulp-line-ending-corrector': '^1.0.2',
45 silly install resolved        'gulp-nsp': '^3.0.1',
45 silly install resolved        'gulp-plumber': '^1.2.0',
45 silly install resolved        'yeoman-assert': '^3.1.0',
45 silly install resolved        'yeoman-test': '^1.7.0' },
45 silly install resolved     eslintConfig: { extends: 'xo-space' },
45 silly install resolved     repository:
45 silly install resolved      { type: 'git',
45 silly install resolved        url: 'git+https://github.com/Rebilly/generator-openapi-repo.git' },
45 silly install resolved     scripts: { prepublish: 'gulp prepublish' },
45 silly install resolved     license: 'MIT',
45 silly install resolved     gitHead: 'a0f9f6f77dc384cbdc57418fdec7fe3f27d9038f',
45 silly install resolved     bugs: { url: 'https://github.com/Rebilly/generator-openapi-repo/issues' },
45 silly install resolved     homepage: 'https://github.com/Rebilly/generator-openapi-repo#readme',
45 silly install resolved     _id: 'generator-openapi-repo@1.0.1',
45 silly install resolved     _npmVersion: '5.3.0',
45 silly install resolved     _nodeVersion: '8.4.0',
45 silly install resolved     _npmUser: { name: 'romanhotsiy', email: 'gotsijroman@gmail.com' },
45 silly install resolved     dist:
45 silly install resolved      { integrity: 'sha512-+WVgbie/KWQxeB28aoWJh+cFnzkpXuNHTGy+k7XNsuvQPWWIOuYd4GQrlIv2xbiz4y+YUIhxkczgmCEs7hWKXw==',
45 silly install resolved        shasum: 'cfe53d9598161e985417c9f08a97cb6adab6c2bd',
45 silly install resolved        tarball: 'https://registry.npmjs.org/generator-openapi-repo/-/generator-openapi-repo-1.0.1.tgz',
45 silly install resolved        fileCount: 20,
45 silly install resolved        unpackedSize: 22783 },
45 silly install resolved     maintainers: [ [Object], [Object] ],
45 silly install resolved     directories: {},
45 silly install resolved     _npmOperationalInternal:
45 silly install resolved      { host: 's3://npm-registry-packages',
45 silly install resolved        tmp: 'tmp/generator-openapi-repo_1.0.1_1519407567515_0.8877918964935712' },
45 silly install resolved     _shasum: 'cfe53d9598161e985417c9f08a97cb6adab6c2bd',
45 silly install resolved     _resolved: 'https://registry.npmjs.org/generator-openapi-repo/-/generator-openapi-repo-1.0.1.tgz',
45 silly install resolved     _from: 'generator-openapi-repo@latest' } ]
46 info install generator-openapi-repo@1.0.1 into /usr/local/lib
47 info installOne generator-openapi-repo@1.0.1
48 verbose installOne of generator-openapi-repo to /usr/local/lib not in flight; installing
49 verbose lock using /Users/kinlane/.npm/_locks/generator-openapi-repo-c25db2ec5489e1f0.lock for /usr/local/lib/node_modules/generator-openapi-repo
50 silly install write writing generator-openapi-repo 1.0.1 to /usr/local/lib/node_modules/generator-openapi-repo
51 verbose unbuild lib/node_modules/generator-openapi-repo
52 silly gentlyRm /usr/local/lib/node_modules/generator-openapi-repo is being purged from base /usr/local
53 verbose gentlyRm don't care about contents; nuking /usr/local/lib/node_modules/generator-openapi-repo
54 verbose tar unpack /Users/kinlane/.npm/generator-openapi-repo/1.0.1/package.tgz
55 verbose tar unpacking to /usr/local/lib/node_modules/generator-openapi-repo
56 silly gentlyRm /usr/local/lib/node_modules/generator-openapi-repo is being purged
57 verbose gentlyRm don't care about contents; nuking /usr/local/lib/node_modules/generator-openapi-repo
58 silly gunzTarPerm modes [ '755', '644' ]
59 error tar.unpack untar error /Users/kinlane/.npm/generator-openapi-repo/1.0.1/package.tgz
60 verbose unlock done using /Users/kinlane/.npm/_locks/generator-openapi-repo-c25db2ec5489e1f0.lock for /usr/local/lib/node_modules/generator-openapi-repo
61 verbose fstream_path /usr/local/lib/node_modules/generator-openapi-repo
62 verbose fstream_type Directory
63 verbose fstream_class DirWriter
64 verbose stack Error: EACCES: permission denied, mkdir '/usr/local/lib/node_modules/generator-openapi-repo'
64 verbose stack     at Error (native)
65 verbose fstream_stack /usr/local/lib/node_modules/npm/node_modules/fstream/lib/dir-writer.js:35:25
65 verbose fstream_stack /usr/local/lib/node_modules/npm/node_modules/mkdirp/index.js:47:53
65 verbose fstream_stack FSReqWrap.oncomplete (fs.js:82:15)
66 verbose cwd /Users/kinlane/Dropbox/sites/api-evangelist-apis/sec-companies
67 error Darwin 17.7.0
68 error argv "/usr/local/bin/node" "/usr/local/bin/npm" "install" "-g" "generator-openapi-repo"
69 error node v4.3.2
70 error npm  v2.14.12
71 error path /usr/local/lib/node_modules/generator-openapi-repo
72 error code EACCES
73 error errno -13
74 error syscall mkdir
75 error Error: EACCES: permission denied, mkdir '/usr/local/lib/node_modules/generator-openapi-repo'
75 error     at Error (native)
75 error  { [Error: EACCES: permission denied, mkdir '/usr/local/lib/node_modules/generator-openapi-repo']
75 error   errno: -13,
75 error   code: 'EACCES',
75 error   syscall: 'mkdir',
75 error   path: '/usr/local/lib/node_modules/generator-openapi-repo',
75 error   fstream_type: 'Directory',
75 error   fstream_path: '/usr/local/lib/node_modules/generator-openapi-repo',
75 error   fstream_class: 'DirWriter',
75 error   fstream_stack:
75 error    [ '/usr/local/lib/node_modules/npm/node_modules/fstream/lib/dir-writer.js:35:25',
75 error      '/usr/local/lib/node_modules/npm/node_modules/mkdirp/index.js:47:53',
75 error      'FSReqWrap.oncomplete (fs.js:82:15)' ] }
76 error Please try running this command again as root/Administrator.
77 verbose exit [ -13, true ]
78 verbose unbuild lib/node_modules/generator-openapi-repo
79 silly gentlyRm /usr/local/lib/node_modules/generator-openapi-repo is being purged from base /usr/local
80 verbose gentlyRm don't care about contents; nuking /usr/local/lib/node_modules/generator-openapi-repo
